[debug] [2019-03-13T03:23:14.201Z] ----------------------------------------------------------------------
[debug] [2019-03-13T03:23:14.205Z] Command:       /home/akshay/.nvm/versions/node/v11.10.1/bin/node /home/akshay/.nvm/versions/node/v11.10.1/bin/firebase init
[debug] [2019-03-13T03:23:14.205Z] CLI Version:   6.5.0
[debug] [2019-03-13T03:23:14.205Z] Platform:      linux
[debug] [2019-03-13T03:23:14.205Z] Node Version:  v11.10.1
[debug] [2019-03-13T03:23:14.205Z] Time:          Wed Mar 13 2019 08:53:14 GMT+0530 (India Standard Time)
[debug] [2019-03-13T03:23:14.205Z] ----------------------------------------------------------------------
[debug] 
[debug] [2019-03-13T03:23:14.213Z] > command requires scopes: ["email","openid","https://www.googleapis.com/auth/cloudplatformprojects.readonly","https://www.googleapis.com/auth/firebase","https://www.googleapis.com/auth/cloud-platform"]
[debug] [2019-03-13T03:23:14.213Z] > authorizing via signed-in user
[info] 
     ######## #### ########  ######## ########     ###     ######  ########
     ##        ##  ##     ## ##       ##     ##  ##   ##  ##       ##
     ######    ##  ########  ######   ########  #########  ######  ######
     ##        ##  ##    ##  ##       ##     ## ##     ##       ## ##
     ##       #### ##     ## ######## ########  ##     ##  ######  ########

You're about to initialize a Firebase project in this directory:

  /home/akshay/Documents/CSS/booking-app-template

[info] 
=== Project Setup
[info] 
[info] First, let's associate this project directory with a Firebase project.
[info] You can create multiple project aliases by running firebase use --add, 
[info] but for now we'll just set up a default project.
[info] 
[debug] [2019-03-13T03:23:18.735Z] > refreshing access token with scopes: ["email","https://www.googleapis.com/auth/cloud-platform","https://www.googleapis.com/auth/cloudplatformprojects.readonly","https://www.googleapis.com/auth/firebase","openid"]
[debug] [2019-03-13T03:23:18.735Z] >>> HTTP REQUEST POST https://www.googleapis.com/oauth2/v3/token  
 <request body omitted>
[debug] [2019-03-13T03:23:19.474Z] <<< HTTP RESPONSE 200
[debug] [2019-03-13T03:23:19.492Z] >>> HTTP REQUEST GET https://firebase.googleapis.com/v1beta1/projects?page_size=100  
 
[debug] [2019-03-13T03:23:20.796Z] <<< HTTP RESPONSE 200
[info] 
=== Hosting Setup
[info] 
[info] Your public directory is the folder (relative to your project directory) that
[info] will contain Hosting assets to be uploaded with firebase deploy. If you
[info] have a build process for your assets, use your build's output directory.
[info] 
